<?xml version="1.0" encoding="UTF-8"?>
<testsuite xmlns:xsi="http://www.w3.org/2001/XMLSchema-instance" xsi:noNamespaceSchemaLocation="https://maven.apache.org/surefire/maven-surefire-plugin/xsd/surefire-test-report.xsd" name="shorturl.integration.EndpointsTest" time="7.957" tests="4" errors="0" skipped="0" failures="0">
  <properties>
[...]
</properties>
  <testcase name="thatAValidURLIsStoredByPutMethodAndUrlEncodedInUrl" classname="shorturl.integration.EndpointsTest" time="0.741"/>
  <testcase name="thatAValidURLIsStoredAndThenRedirectedWithItsShortUrl" classname="shorturl.integration.EndpointsTest" time="0.029"/>
  <testcase name="thatANonExistingURLReportsNotFound" classname="shorturl.integration.EndpointsTest" time="0.169"/>
  <testcase name="thatAValidURLIsStoredByPostMethodAndLongUrlInBody" classname="shorturl.integration.EndpointsTest" time="0.069"/>
</testsuite>